This file contains any messages produced by compilers while
running configure, to aid debugging if configure makes a mistake.

It was created by FULL-PACKAGE-NAME configure VERSION, which was
generated by GNU Autoconf 2.69.  Invocation command line was

  $ ./configure 

## --------- ##
## Platform. ##
## --------- ##

hostname = DESKTOP-34H6L9A
uname -m = x86_64
uname -r = 4.4.0-17763-Microsoft
uname -s = Linux
uname -v = #864-Microsoft Thu Nov 07 15:22:00 PST 2019

/usr/bin/uname -p = unknown
/bin/uname -X     = unknown

/bin/arch              = unknown
/usr/bin/arch -k       = unknown
/usr/convex/getsysinfo = unknown
/usr/bin/hostinfo      = unknown
/bin/machine           = unknown
/usr/bin/oslevel       = unknown
/bin/universe          = unknown

PATH: /usr/local/sbin
PATH: /usr/local/bin
PATH: /usr/sbin
PATH: /usr/bin
PATH: /sbin
PATH: /bin
PATH: /usr/games
PATH: /usr/local/games
PATH: /mnt/c/Windows/System32
PATH: /mnt/c/Windows
PATH: /mnt/c/Windows/System32/wbem
PATH: /mnt/c/Windows/System32/WindowsPowerShell/v1.0
PATH: /mnt/c/Windows/System32/OpenSSH
PATH: /mnt/c/Program Files/NVIDIA Corporation/NVIDIA NvDLISR
PATH: /mnt/c/Program Files (x86)/NVIDIA Corporation/PhysX/Common
PATH: /mnt/c/Program Files/mingw-w64/x86_64-8.1.0-win32-seh-rt_v6-rev0/mingw64/bin
PATH: /mnt/c/Program Files/CMake/bin
PATH: /mnt/c/Users/super/AppData/Local/Microsoft/WindowsApps
PATH: /snap/bin


## ----------- ##
## Core tests. ##
## ----------- ##

configure:2201: checking for a BSD-compatible install
configure:2269: result: /usr/bin/install -c
configure:2280: checking whether build environment is sane
configure:2335: result: yes
configure:2486: checking for a thread-safe mkdir -p
configure:2525: result: /bin/mkdir -p
configure:2532: checking for gawk
configure:2548: found /usr/bin/gawk
configure:2559: result: gawk
configure:2570: checking whether make sets $(MAKE)
configure:2592: result: yes
configure:2621: checking whether make supports nested variables
configure:2638: result: yes
configure:2816: checking for gcc
configure:2832: found /usr/bin/gcc
configure:2843: result: gcc
configure:3072: checking for C compiler version
configure:3081: gcc --version >&5
gcc (Ubuntu 7.4.0-1ubuntu1~18.04.1) 7.4.0
Copyright (C) 2017 Free Software Foundation, Inc.
This is free software; see the source for copying conditions.  There is NO
warranty; not even for MERCHANTABILITY or FITNESS FOR A PARTICULAR PURPOSE.

configure:3092: $? = 0
configure:3081: gcc -v >&5
Using built-in specs.
COLLECT_GCC=gcc
COLLECT_LTO_WRAPPER=/usr/lib/gcc/x86_64-linux-gnu/7/lto-wrapper
OFFLOAD_TARGET_NAMES=nvptx-none
OFFLOAD_TARGET_DEFAULT=1
Target: x86_64-linux-gnu
Configured with: ../src/configure -v --with-pkgversion='Ubuntu 7.4.0-1ubuntu1~18.04.1' --with-bugurl=file:///usr/share/doc/gcc-7/README.Bugs --enable-languages=c,ada,c++,go,brig,d,fortran,objc,obj-c++ --prefix=/usr --with-gcc-major-version-only --program-suffix=-7 --program-prefix=x86_64-linux-gnu- --enable-shared --enable-linker-build-id --libexecdir=/usr/lib --without-included-gettext --enable-threads=posix --libdir=/usr/lib --enable-nls --with-sysroot=/ --enable-clocale=gnu --enable-libstdcxx-debug --enable-libstdcxx-time=yes --with-default-libstdcxx-abi=new --enable-gnu-unique-object --disable-vtable-verify --enable-libmpx --enable-plugin --enable-default-pie --with-system-zlib --with-target-system-zlib --enable-objc-gc=auto --enable-multiarch --disable-werror --with-arch-32=i686 --with-abi=m64 --with-multilib-list=m32,m64,mx32 --enable-multilib --with-tune=generic --enable-offload-targets=nvptx-none --without-cuda-driver --enable-checking=release --build=x86_64-linux-gnu --host=x86_64-linux-gnu --target=x86_64-linux-gnu
Thread model: posix
gcc version 7.4.0 (Ubuntu 7.4.0-1ubuntu1~18.04.1) 
configure:3092: $? = 0
configure:3081: gcc -V >&5
gcc: error: unrecognized command line option '-V'
gcc: fatal error: no input files
compilation terminated.
configure:3092: $? = 1
configure:3081: gcc -qversion >&5
gcc: error: unrecognized command line option '-qversion'; did you mean '--version'?
gcc: fatal error: no input files
compilation terminated.
configure:3092: $? = 1
configure:3112: checking whether the C compiler works
configure:3134: gcc    conftest.c  >&5
configure:3138: $? = 0
configure:3186: result: yes
configure:3189: checking for C compiler default output file name
configure:3191: result: a.out
configure:3197: checking for suffix of executables
configure:3204: gcc -o conftest    conftest.c  >&5
configure:3208: $? = 0
configure:3230: result: 
configure:3252: checking whether we are cross compiling
configure:3260: gcc -o conftest    conftest.c  >&5
configure:3264: $? = 0
configure:3271: ./conftest
configure:3275: $? = 0
configure:3290: result: no
configure:3295: checking for suffix of object files
configure:3317: gcc -c   conftest.c >&5
configure:3321: $? = 0
configure:3342: result: o
configure:3346: checking whether we are using the GNU C compiler
configure:3365: gcc -c   conftest.c >&5
configure:3365: $? = 0
configure:3374: result: yes
configure:3383: checking whether gcc accepts -g
configure:3403: gcc -c -g  conftest.c >&5
configure:3403: $? = 0
configure:3444: result: yes
configure:3461: checking for gcc option to accept ISO C89
configure:3524: gcc  -c -g -O2  conftest.c >&5
configure:3524: $? = 0
configure:3537: result: none needed
configure:3562: checking whether gcc understands -c and -o together
configure:3584: gcc -c conftest.c -o conftest2.o
configure:3587: $? = 0
configure:3584: gcc -c conftest.c -o conftest2.o
configure:3587: $? = 0
configure:3599: result: yes
configure:3627: checking for style of include used by make
configure:3655: result: GNU
configure:3681: checking dependency style of gcc
configure:3792: result: gcc3
configure:3814: checking how to run the C preprocessor
configure:3845: gcc -E  conftest.c
configure:3845: $? = 0
configure:3859: gcc -E  conftest.c
conftest.c:11:10: fatal error: ac_nonexistent.h: No such file or directory
 #include <ac_nonexistent.h>
          ^~~~~~~~~~~~~~~~~~
compilation terminated.
configure:3859: $? = 1
configure: failed program was:
| /* confdefs.h */
| #define PACKAGE_NAME "FULL-PACKAGE-NAME"
| #define PACKAGE_TARNAME "full-package-name"
| #define PACKAGE_VERSION "VERSION"
| #define PACKAGE_STRING "FULL-PACKAGE-NAME VERSION"
| #define PACKAGE_BUGREPORT "BUG-REPORT-ADDRESS"
| #define PACKAGE_URL ""
| #define PACKAGE "full-package-name"
| #define VERSION "VERSION"
| /* end confdefs.h.  */
| #include <ac_nonexistent.h>
configure:3884: result: gcc -E
configure:3904: gcc -E  conftest.c
configure:3904: $? = 0
configure:3918: gcc -E  conftest.c
conftest.c:11:10: fatal error: ac_nonexistent.h: No such file or directory
 #include <ac_nonexistent.h>
          ^~~~~~~~~~~~~~~~~~
compilation terminated.
configure:3918: $? = 1
configure: failed program was:
| /* confdefs.h */
| #define PACKAGE_NAME "FULL-PACKAGE-NAME"
| #define PACKAGE_TARNAME "full-package-name"
| #define PACKAGE_VERSION "VERSION"
| #define PACKAGE_STRING "FULL-PACKAGE-NAME VERSION"
| #define PACKAGE_BUGREPORT "BUG-REPORT-ADDRESS"
| #define PACKAGE_URL ""
| #define PACKAGE "full-package-name"
| #define VERSION "VERSION"
| /* end confdefs.h.  */
| #include <ac_nonexistent.h>
configure:3947: checking for grep that handles long lines and -e
configure:4005: result: /bin/grep
configure:4010: checking for egrep
configure:4072: result: /bin/grep -E
configure:4077: checking for ANSI C header files
configure:4097: gcc -c -g -O2  conftest.c >&5
configure:4097: $? = 0
configure:4170: gcc -o conftest -g -O2   conftest.c  >&5
configure:4170: $? = 0
configure:4170: ./conftest
configure:4170: $? = 0
configure:4181: result: yes
configure:4194: checking for sys/types.h
configure:4194: gcc -c -g -O2  conftest.c >&5
configure:4194: $? = 0
configure:4194: result: yes
configure:4194: checking for sys/stat.h
configure:4194: gcc -c -g -O2  conftest.c >&5
configure:4194: $? = 0
configure:4194: result: yes
configure:4194: checking for stdlib.h
configure:4194: gcc -c -g -O2  conftest.c >&5
configure:4194: $? = 0
configure:4194: result: yes
configure:4194: checking for string.h
configure:4194: gcc -c -g -O2  conftest.c >&5
configure:4194: $? = 0
configure:4194: result: yes
configure:4194: checking for memory.h
configure:4194: gcc -c -g -O2  conftest.c >&5
configure:4194: $? = 0
configure:4194: result: yes
configure:4194: checking for strings.h
configure:4194: gcc -c -g -O2  conftest.c >&5
configure:4194: $? = 0
configure:4194: result: yes
configure:4194: checking for inttypes.h
configure:4194: gcc -c -g -O2  conftest.c >&5
configure:4194: $? = 0
configure:4194: result: yes
configure:4194: checking for stdint.h
configure:4194: gcc -c -g -O2  conftest.c >&5
configure:4194: $? = 0
configure:4194: result: yes
configure:4194: checking for unistd.h
configure:4194: gcc -c -g -O2  conftest.c >&5
configure:4194: $? = 0
configure:4194: result: yes
configure:4209: checking arpa/inet.h usability
configure:4209: gcc -c -g -O2  conftest.c >&5
configure:4209: $? = 0
configure:4209: result: yes
configure:4209: checking arpa/inet.h presence
configure:4209: gcc -E  conftest.c
configure:4209: $? = 0
configure:4209: result: yes
configure:4209: checking for arpa/inet.h
configure:4209: result: yes
configure:4209: checking netinet/in.h usability
configure:4209: gcc -c -g -O2  conftest.c >&5
configure:4209: $? = 0
configure:4209: result: yes
configure:4209: checking netinet/in.h presence
configure:4209: gcc -E  conftest.c
configure:4209: $? = 0
configure:4209: result: yes
configure:4209: checking for netinet/in.h
configure:4209: result: yes
configure:4209: checking for stdlib.h
configure:4209: result: yes
configure:4209: checking for string.h
configure:4209: result: yes
configure:4209: checking sys/socket.h usability
configure:4209: gcc -c -g -O2  conftest.c >&5
configure:4209: $? = 0
configure:4209: result: yes
configure:4209: checking sys/socket.h presence
configure:4209: gcc -E  conftest.c
configure:4209: $? = 0
configure:4209: result: yes
configure:4209: checking for sys/socket.h
configure:4209: result: yes
configure:4209: checking for unistd.h
configure:4209: result: yes
configure:4222: checking for stdlib.h
configure:4222: result: yes
configure:4232: checking for GNU libc compatible malloc
configure:4256: gcc -o conftest -g -O2   conftest.c  >&5
configure:4256: $? = 0
configure:4256: ./conftest
configure:4256: $? = 0
configure:4266: result: yes
configure:4290: checking for memset
configure:4290: gcc -o conftest -g -O2   conftest.c  >&5
conftest.c:52:6: warning: conflicting types for built-in function 'memset' [-Wbuiltin-declaration-mismatch]
 char memset ();
      ^~~~~~
configure:4290: $? = 0
configure:4290: result: yes
configure:4290: checking for socket
configure:4290: gcc -o conftest -g -O2   conftest.c  >&5
configure:4290: $? = 0
configure:4290: result: yes
configure:4411: checking that generated files are newer than configure
configure:4417: result: done
configure:4440: creating ./config.status

## ---------------------- ##
## Running config.status. ##
## ---------------------- ##

This file was extended by FULL-PACKAGE-NAME config.status VERSION, which was
generated by GNU Autoconf 2.69.  Invocation command line was

  CONFIG_FILES    = 
  CONFIG_HEADERS  = 
  CONFIG_LINKS    = 
  CONFIG_COMMANDS = 
  $ ./config.status 

on DESKTOP-34H6L9A

config.status:864: creating Build_Client/Makefile
config.status:864: creating Makefile
config.status:864: creating config.h
config.status:1045: config.h is unchanged
config.status:1093: executing depfiles commands

## ---------------- ##
## Cache variables. ##
## ---------------- ##

ac_cv_c_compiler_gnu=yes
ac_cv_env_CC_set=
ac_cv_env_CC_value=
ac_cv_env_CFLAGS_set=
ac_cv_env_CFLAGS_value=
ac_cv_env_CPPFLAGS_set=
ac_cv_env_CPPFLAGS_value=
ac_cv_env_CPP_set=
ac_cv_env_CPP_value=
ac_cv_env_LDFLAGS_set=
ac_cv_env_LDFLAGS_value=
ac_cv_env_LIBS_set=
ac_cv_env_LIBS_value=
ac_cv_env_build_alias_set=
ac_cv_env_build_alias_value=
ac_cv_env_host_alias_set=
ac_cv_env_host_alias_value=
ac_cv_env_target_alias_set=
ac_cv_env_target_alias_value=
ac_cv_func_malloc_0_nonnull=yes
ac_cv_func_memset=yes
ac_cv_func_socket=yes
ac_cv_header_arpa_inet_h=yes
ac_cv_header_inttypes_h=yes
ac_cv_header_memory_h=yes
ac_cv_header_netinet_in_h=yes
ac_cv_header_stdc=yes
ac_cv_header_stdint_h=yes
ac_cv_header_stdlib_h=yes
ac_cv_header_string_h=yes
ac_cv_header_strings_h=yes
ac_cv_header_sys_socket_h=yes
ac_cv_header_sys_stat_h=yes
ac_cv_header_sys_types_h=yes
ac_cv_header_unistd_h=yes
ac_cv_objext=o
ac_cv_path_EGREP='/bin/grep -E'
ac_cv_path_GREP=/bin/grep
ac_cv_path_install='/usr/bin/install -c'
ac_cv_path_mkdir=/bin/mkdir
ac_cv_prog_AWK=gawk
ac_cv_prog_CPP='gcc -E'
ac_cv_prog_ac_ct_CC=gcc
ac_cv_prog_cc_c89=
ac_cv_prog_cc_g=yes
ac_cv_prog_make_make_set=yes
am_cv_CC_dependencies_compiler_type=gcc3
am_cv_make_support_nested_variables=yes
am_cv_prog_cc_c_o=yes

## ----------------- ##
## Output variables. ##
## ----------------- ##

ACLOCAL='${SHELL} /mnt/c/Users/super/OneDrive/Stud/SP/SP_5/missing aclocal-1.15'
AMDEPBACKSLASH='\'
AMDEP_FALSE='#'
AMDEP_TRUE=''
AMTAR='$${TAR-tar}'
AM_BACKSLASH='\'
AM_DEFAULT_V='$(AM_DEFAULT_VERBOSITY)'
AM_DEFAULT_VERBOSITY='1'
AM_V='$(V)'
AUTOCONF='${SHELL} /mnt/c/Users/super/OneDrive/Stud/SP/SP_5/missing autoconf'
AUTOHEADER='${SHELL} /mnt/c/Users/super/OneDrive/Stud/SP/SP_5/missing autoheader'
AUTOMAKE='${SHELL} /mnt/c/Users/super/OneDrive/Stud/SP/SP_5/missing automake-1.15'
AWK='gawk'
CC='gcc'
CCDEPMODE='depmode=gcc3'
CFLAGS='-g -O2'
CPP='gcc -E'
CPPFLAGS=''
CYGPATH_W='echo'
DEFS='-DHAVE_CONFIG_H'
DEPDIR='.deps'
ECHO_C=''
ECHO_N='-n'
ECHO_T=''
EGREP='/bin/grep -E'
EXEEXT=''
GREP='/bin/grep'
INSTALL_DATA='${INSTALL} -m 644'
INSTALL_PROGRAM='${INSTALL}'
INSTALL_SCRIPT='${INSTALL}'
INSTALL_STRIP_PROGRAM='$(install_sh) -c -s'
LDFLAGS=''
LIBOBJS=''
LIBS=''
LTLIBOBJS=''
MAKEINFO='${SHELL} /mnt/c/Users/super/OneDrive/Stud/SP/SP_5/missing makeinfo'
MKDIR_P='/bin/mkdir -p'
OBJEXT='o'
PACKAGE='full-package-name'
PACKAGE_BUGREPORT='BUG-REPORT-ADDRESS'
PACKAGE_NAME='FULL-PACKAGE-NAME'
PACKAGE_STRING='FULL-PACKAGE-NAME VERSION'
PACKAGE_TARNAME='full-package-name'
PACKAGE_URL=''
PACKAGE_VERSION='VERSION'
PATH_SEPARATOR=':'
SET_MAKE=''
SHELL='/bin/bash'
STRIP=''
VERSION='VERSION'
ac_ct_CC='gcc'
am__EXEEXT_FALSE=''
am__EXEEXT_TRUE='#'
am__fastdepCC_FALSE='#'
am__fastdepCC_TRUE=''
am__include='include'
am__isrc=''
am__leading_dot='.'
am__nodep='_no'
am__quote=''
am__tar='$${TAR-tar} chof - "$$tardir"'
am__untar='$${TAR-tar} xf -'
bindir='${exec_prefix}/bin'
build_alias=''
datadir='${datarootdir}'
datarootdir='${prefix}/share'
docdir='${datarootdir}/doc/${PACKAGE_TARNAME}'
dvidir='${docdir}'
exec_prefix='${prefix}'
host_alias=''
htmldir='${docdir}'
includedir='${prefix}/include'
infodir='${datarootdir}/info'
install_sh='${SHELL} /mnt/c/Users/super/OneDrive/Stud/SP/SP_5/install-sh'
libdir='${exec_prefix}/lib'
libexecdir='${exec_prefix}/libexec'
localedir='${datarootdir}/locale'
localstatedir='${prefix}/var'
mandir='${datarootdir}/man'
mkdir_p='$(MKDIR_P)'
oldincludedir='/usr/include'
pdfdir='${docdir}'
prefix='/usr/local'
program_transform_name='s,x,x,'
psdir='${docdir}'
runstatedir='${localstatedir}/run'
sbindir='${exec_prefix}/sbin'
sharedstatedir='${prefix}/com'
sysconfdir='${prefix}/etc'
target_alias=''

## ----------- ##
## confdefs.h. ##
## ----------- ##

/* confdefs.h */
#define PACKAGE_NAME "FULL-PACKAGE-NAME"
#define PACKAGE_TARNAME "full-package-name"
#define PACKAGE_VERSION "VERSION"
#define PACKAGE_STRING "FULL-PACKAGE-NAME VERSION"
#define PACKAGE_BUGREPORT "BUG-REPORT-ADDRESS"
#define PACKAGE_URL ""
#define PACKAGE "full-package-name"
#define VERSION "VERSION"
#define STDC_HEADERS 1
#define HAVE_SYS_TYPES_H 1
#define HAVE_SYS_STAT_H 1
#define HAVE_STDLIB_H 1
#define HAVE_STRING_H 1
#define HAVE_MEMORY_H 1
#define HAVE_STRINGS_H 1
#define HAVE_INTTYPES_H 1
#define HAVE_STDINT_H 1
#define HAVE_UNISTD_H 1
#define HAVE_ARPA_INET_H 1
#define HAVE_NETINET_IN_H 1
#define HAVE_STDLIB_H 1
#define HAVE_STRING_H 1
#define HAVE_SYS_SOCKET_H 1
#define HAVE_UNISTD_H 1
#define HAVE_STDLIB_H 1
#define HAVE_MALLOC 1
#define HAVE_MEMSET 1
#define HAVE_SOCKET 1

configure: exit 0

## ---------------------- ##
## Running config.status. ##
## ---------------------- ##

This file was extended by FULL-PACKAGE-NAME config.status VERSION, which was
generated by GNU Autoconf 2.69.  Invocation command line was

  CONFIG_FILES    = 
  CONFIG_HEADERS  = 
  CONFIG_LINKS    = 
  CONFIG_COMMANDS = 
  $ ./config.status Build_Client/Makefile depfiles

on DESKTOP-34H6L9A

config.status:864: creating Build_Client/Makefile
config.status:1093: executing depfiles commands

## ---------------------- ##
## Running config.status. ##
## ---------------------- ##

This file was extended by FULL-PACKAGE-NAME config.status VERSION, which was
generated by GNU Autoconf 2.69.  Invocation command line was

  CONFIG_FILES    = 
  CONFIG_HEADERS  = 
  CONFIG_LINKS    = 
  CONFIG_COMMANDS = 
  $ ./config.status Build_Client/Makefile depfiles

on DESKTOP-34H6L9A

config.status:864: creating Build_Client/Makefile
config.status:1093: executing depfiles commands

## ---------------------- ##
## Running config.status. ##
## ---------------------- ##

This file was extended by FULL-PACKAGE-NAME config.status VERSION, which was
generated by GNU Autoconf 2.69.  Invocation command line was

  CONFIG_FILES    = 
  CONFIG_HEADERS  = 
  CONFIG_LINKS    = 
  CONFIG_COMMANDS = 
  $ ./config.status Build_Client/Makefile depfiles

on DESKTOP-34H6L9A

config.status:864: creating Build_Client/Makefile
config.status:1093: executing depfiles commands

## ---------------------- ##
## Running config.status. ##
## ---------------------- ##

This file was extended by FULL-PACKAGE-NAME config.status VERSION, which was
generated by GNU Autoconf 2.69.  Invocation command line was

  CONFIG_FILES    = 
  CONFIG_HEADERS  = 
  CONFIG_LINKS    = 
  CONFIG_COMMANDS = 
  $ ./config.status Makefile

on DESKTOP-34H6L9A

config.status:864: creating Makefile

## ---------------------- ##
## Running config.status. ##
## ---------------------- ##

This file was extended by FULL-PACKAGE-NAME config.status VERSION, which was
generated by GNU Autoconf 2.69.  Invocation command line was

  CONFIG_FILES    = 
  CONFIG_HEADERS  = 
  CONFIG_LINKS    = 
  CONFIG_COMMANDS = 
  $ ./config.status Makefile

on DESKTOP-34H6L9A

config.status:864: creating Makefile

## ---------------------- ##
## Running config.status. ##
## ---------------------- ##

This file was extended by FULL-PACKAGE-NAME config.status VERSION, which was
generated by GNU Autoconf 2.69.  Invocation command line was

  CONFIG_FILES    = 
  CONFIG_HEADERS  = 
  CONFIG_LINKS    = 
  CONFIG_COMMANDS = 
  $ ./config.status Build_Client/Makefile depfiles

on DESKTOP-34H6L9A

config.status:864: creating Build_Client/Makefile
config.status:1093: executing depfiles commands

## ---------------------- ##
## Running config.status. ##
## ---------------------- ##

This file was extended by FULL-PACKAGE-NAME config.status VERSION, which was
generated by GNU Autoconf 2.69.  Invocation command line was

  CONFIG_FILES    = 
  CONFIG_HEADERS  = 
  CONFIG_LINKS    = 
  CONFIG_COMMANDS = 
  $ ./config.status Makefile

on DESKTOP-34H6L9A

config.status:864: creating Makefile
